<?xml version="1.0" encoding="UTF-8"?>
<!-- Generated by org.testng.reporters.JUnitReportReporter -->
<testsuite skipped="0" hostname="HIPUNL105910" name="com.Stackoverflow.StackoverflowUI.StackoverflowTest" tests="1" failures="0" timestamp="20 Aug 2020 10:55:38 GMT" time="20.305" errors="0">
  <testcase name="testStackoverflowUI" time="20.305" classname="com.Stackoverflow.StackoverflowUI.StackoverflowTest"/>
</testsuite> <!-- com.Stackoverflow.StackoverflowUI.StackoverflowTest -->
